<?xml version="1.0" encoding="UTF-8"?><testsuite errors="1" failures="0" name="Traductor" skipped="0" tests="1" time="19.32" timestamp="2020-04-10 05:52:01"><testcase name="Traducir"><error message="Arity mismatch: Step Definition 'stepdefinitions.TraductorStepdefinition.laPalabraSeTraduce(String) in file:/C:/Users/pcc/Documents/Proyectos%20SVE/servicios%20productos%20inversiones/untitled/build/classes/java/test/' with pattern [^la palabra se traduce$] is declared with 1 parameters. However, the gherkin step has 0 arguments []. &#10;Step text: la palabra se traduce" type="cucumber.runtime.CucumberException">Arity mismatch: Step Definition 'stepdefinitions.TraductorStepdefinition.laPalabraSeTraduce(String) in file:/C:/Users/pcc/Documents/Proyectos%20SVE/servicios%20productos%20inversiones/untitled/build/classes/java/test/' with pattern [^la palabra se traduce$] is declared with 1 parameters. However, the gherkin step has 0 arguments []. 
Step text: la palabra se traduce</error><system-err>Arity mismatch: Step Definition 'stepdefinitions.TraductorStepdefinition.laPalabraSeTraduce(String) in file:/C:/Users/pcc/Documents/Proyectos%20SVE/servicios%20productos%20inversiones/untitled/build/classes/java/test/' with pattern [^la palabra se traduce$] is declared with 1 parameters. However, the gherkin step has 0 arguments []. 
Step text: la palabra se traduce&#13;
cucumber.runner.Runner.runPickle(Runner.java:80)&#13;
</system-err></testcase></testsuite>